# JRE version: Java(TM) SE Runtime Environment (8.0_221-b11) (build 1.8.0_221-b11)
# Java VM: Java HotSpot(TM) 64-Bit Server VM (25.221-b11 mixed mode windows-amd64 compressed oops)
Heap:
 PSYoungGen      total 84992K, used 72783K [0x00000000f6200000, 0x00000000fbb80000, 0x0000000100000000)
  eden space 78336K, 84% used [0x00000000f6200000,0x00000000fa2975e0,0x00000000fae80000)
  from space 6656K, 99% used [0x00000000fae80000,0x00000000fb4fc810,0x00000000fb500000)
  to   space 6144K, 0% used [0x00000000fb500000,0x00000000fb500000,0x00000000fbb00000)
 ParOldGen       total 20992K, used 16454K [0x00000000e2600000, 0x00000000e3a80000, 0x00000000f6200000)
  object space 20992K, 78% used [0x00000000e2600000,0x00000000e3611b60,0x00000000e3a80000)
 Metaspace       used 33803K, capacity 35400K, committed 35496K, reserved 1079296K
  class space    used 4388K, capacity 4693K, committed 4776K, reserved 1048576K
GC Heap History (10 events):
Event: 21.850 GC heap before
{Heap before GC invocations=10 (full 0):
 PSYoungGen      total 35840K, used 32467K [0x00000000f6200000, 0x00000000f9e80000, 0x0000000100000000)
  eden space 32768K, 89% used [0x00000000f6200000,0x00000000f7eb78b0,0x00000000f8200000)
  from space 3072K, 99% used [0x00000000f8200000,0x00000000f84fd670,0x00000000f8500000)
  to   space 4608K, 0% used [0x00000000f9a00000,0x00000000f9a00000,0x00000000f9e80000)
 ParOldGen       total 20480K, used 5942K [0x00000000e2600000, 0x00000000e3a00000, 0x00000000f6200000)
  object space 20480K, 29% used [0x00000000e2600000,0x00000000e2bcd850,0x00000000e3a00000)
 Metaspace       used 20716K, capacity 21212K, committed 21296K, reserved 1067008K
  class space    used 2657K, capacity 2819K, committed 2864K, reserved 1048576K
Event: 21.877 GC heap after
Heap after GC invocations=10 (full 0):
 PSYoungGen      total 55808K, used 4607K [0x00000000f6200000, 0x00000000fa180000, 0x0000000100000000)
  eden space 51200K, 0% used [0x00000000f6200000,0x00000000f6200000,0x00000000f9400000)
  from space 4608K, 99% used [0x00000000f9a00000,0x00000000f9e7fdc8,0x00000000f9e80000)
  to   space 6144K, 0% used [0x00000000f9400000,0x00000000f9400000,0x00000000f9a00000)
 ParOldGen       total 20480K, used 8230K [0x00000000e2600000, 0x00000000e3a00000, 0x00000000f6200000)
  object space 20480K, 40% used [0x00000000e2600000,0x00000000e2e099f8,0x00000000e3a00000)
 Metaspace       used 20716K, capacity 21212K, committed 21296K, reserved 1067008K
  class space    used 2657K, capacity 2819K, committed 2864K, reserved 1048576K
}
Event: 21.880 GC heap before
{Heap before GC invocations=11 (full 1):
 PSYoungGen      total 55808K, used 4607K [0x00000000f6200000, 0x00000000fa180000, 0x0000000100000000)
  eden space 51200K, 0% used [0x00000000f6200000,0x00000000f6200000,0x00000000f9400000)
  from space 4608K, 99% used [0x00000000f9a00000,0x00000000f9e7fdc8,0x00000000f9e80000)
  to   space 6144K, 0% used [0x00000000f9400000,0x00000000f9400000,0x00000000f9a00000)
 ParOldGen       total 20480K, used 8230K [0x00000000e2600000, 0x00000000e3a00000, 0x00000000f6200000)
  object space 20480K, 40% used [0x00000000e2600000,0x00000000e2e099f8,0x00000000e3a00000)
 Metaspace       used 20716K, capacity 21212K, committed 21296K, reserved 1067008K
  class space    used 2657K, capacity 2819K, committed 2864K, reserved 1048576K
Event: 22.048 GC heap after
Heap after GC invocations=11 (full 1):
 PSYoungGen      total 55808K, used 0K [0x00000000f6200000, 0x00000000fa180000, 0x0000000100000000)
  eden space 51200K, 0% used [0x00000000f6200000,0x00000000f6200000,0x00000000f9400000)
  from space 4608K, 0% used [0x00000000f9a00000,0x00000000f9a00000,0x00000000f9e80000)
  to   space 6144K, 0% used [0x00000000f9400000,0x00000000f9400000,0x00000000f9a00000)
 ParOldGen       total 20992K, used 8908K [0x00000000e2600000, 0x00000000e3a80000, 0x00000000f6200000)
  object space 20992K, 42% used [0x00000000e2600000,0x00000000e2eb3308,0x00000000e3a80000)
 Metaspace       used 20716K, capacity 21212K, committed 21296K, reserved 1067008K
  class space    used 2657K, capacity 2819K, committed 2864K, reserved 1048576K
}
Event: 29.422 GC heap before
{Heap before GC invocations=12 (full 1):
 PSYoungGen      total 55808K, used 51172K [0x00000000f6200000, 0x00000000fa180000, 0x0000000100000000)
  eden space 51200K, 99% used [0x00000000f6200000,0x00000000f93f9050,0x00000000f9400000)
  from space 4608K, 0% used [0x00000000f9a00000,0x00000000f9a00000,0x00000000f9e80000)
  to   space 6144K, 0% used [0x00000000f9400000,0x00000000f9400000,0x00000000f9a00000)
 ParOldGen       total 20992K, used 8908K [0x00000000e2600000, 0x00000000e3a80000, 0x00000000f6200000)
  object space 20992K, 42% used [0x00000000e2600000,0x00000000e2eb3308,0x00000000e3a80000)
 Metaspace       used 23669K, capacity 24294K, committed 24496K, reserved 1071104K
  class space    used 3022K, capacity 3219K, committed 3248K, reserved 1048576K
Event: 29.438 GC heap after
Heap after GC invocations=12 (full 1):
 PSYoungGen      total 57344K, used 4183K [0x00000000f6200000, 0x00000000fbb00000, 0x0000000100000000)
  eden space 51200K, 0% used [0x00000000f6200000,0x00000000f6200000,0x00000000f9400000)
  from space 6144K, 68% used [0x00000000f9400000,0x00000000f9815c48,0x00000000f9a00000)
  to   space 6144K, 0% used [0x00000000fb500000,0x00000000fb500000,0x00000000fbb00000)
 ParOldGen       total 20992K, used 8916K [0x00000000e2600000, 0x00000000e3a80000, 0x00000000f6200000)
  object space 20992K, 42% used [0x00000000e2600000,0x00000000e2eb5308,0x00000000e3a80000)
 Metaspace       used 23669K, capacity 24294K, committed 24496K, reserved 1071104K
  class space    used 3022K, capacity 3219K, committed 3248K, reserved 1048576K
}
Event: 35.725 GC heap before
{Heap before GC invocations=13 (full 1):
 PSYoungGen      total 57344K, used 55383K [0x00000000f6200000, 0x00000000fbb00000, 0x0000000100000000)
  eden space 51200K, 100% used [0x00000000f6200000,0x00000000f9400000,0x00000000f9400000)
  from space 6144K, 68% used [0x00000000f9400000,0x00000000f9815c48,0x00000000f9a00000)
  to   space 6144K, 0% used [0x00000000fb500000,0x00000000fb500000,0x00000000fbb00000)
 ParOldGen       total 20992K, used 8916K [0x00000000e2600000, 0x00000000e3a80000, 0x00000000f6200000)
  object space 20992K, 42% used [0x00000000e2600000,0x00000000e2eb5308,0x00000000e3a80000)
 Metaspace       used 26155K, capacity 27140K, committed 27184K, reserved 1073152K
  class space    used 3387K, capacity 3616K, committed 3632K, reserved 1048576K
Event: 35.816 GC heap after
Heap after GC invocations=13 (full 1):
 PSYoungGen      total 84480K, used 4733K [0x00000000f6200000, 0x00000000fbb80000, 0x0000000100000000)
  eden space 78336K, 0% used [0x00000000f6200000,0x00000000f6200000,0x00000000fae80000)
  from space 6144K, 77% used [0x00000000fb500000,0x00000000fb99f738,0x00000000fbb00000)
  to   space 6656K, 0% used [0x00000000fae80000,0x00000000fae80000,0x00000000fb500000)
 ParOldGen       total 20992K, used 10806K [0x00000000e2600000, 0x00000000e3a80000, 0x00000000f6200000)
  object space 20992K, 51% used [0x00000000e2600000,0x00000000e308d818,0x00000000e3a80000)
 Metaspace       used 26155K, capacity 27140K, committed 27184K, reserved 1073152K
  class space    used 3387K, capacity 3616K, committed 3632K, reserved 1048576K
}
Event: 49.960 GC heap before
{Heap before GC invocations=14 (full 1):
 PSYoungGen      total 84480K, used 83051K [0x00000000f6200000, 0x00000000fbb80000, 0x0000000100000000)
  eden space 78336K, 99% used [0x00000000f6200000,0x00000000fae7b520,0x00000000fae80000)
  from space 6144K, 77% used [0x00000000fb500000,0x00000000fb99f738,0x00000000fbb00000)
  to   space 6656K, 0% used [0x00000000fae80000,0x00000000fae80000,0x00000000fb500000)
 ParOldGen       total 20992K, used 10806K [0x00000000e2600000, 0x00000000e3a80000, 0x00000000f6200000)
  object space 20992K, 51% used [0x00000000e2600000,0x00000000e308d818,0x00000000e3a80000)
 Metaspace       used 32201K, capacity 33738K, committed 33968K, reserved 1079296K
  class space    used 4197K, capacity 4516K, committed 4528K, reserved 1048576K
Event: 50.129 GC heap after
Heap after GC invocations=14 (full 1):
 PSYoungGen      total 84992K, used 6642K [0x00000000f6200000, 0x00000000fbb80000, 0x0000000100000000)
  eden space 78336K, 0% used [0x00000000f6200000,0x00000000f6200000,0x00000000fae80000)
  from space 6656K, 99% used [0x00000000fae80000,0x00000000fb4fc810,0x00000000fb500000)
  to   space 6144K, 0% used [0x00000000fb500000,0x00000000fb500000,0x00000000fbb00000)
 ParOldGen       total 20992K, used 16454K [0x00000000e2600000, 0x00000000e3a80000, 0x00000000f6200000)
  object space 20992K, 78% used [0x00000000e2600000,0x00000000e3611b60,0x00000000e3a80000)
 Metaspace       used 32201K, capacity 33738K, committed 33968K, reserved 1079296K
  class space    used 4197K, capacity 4516K, committed 4528K, reserved 1048576K
}

